Build started 2014/1/2 18:52:09.
     1>Project "D:\zrx\CrossSim\CrossSim\CrossSim.vcxproj" on node 2 (build target(s)).
     1>InitializeBuildStatus:
         Creating "Debug\CrossSim.unsuccessfulbuild" because "AlwaysCreate" was specified.
       ClCompile:
         C:\Program Files\Microsoft Visual Studio 10.0\VC\bin\CL.exe /c /ZI /nologo /W3 /WX- /Od /Oy- /D WIN32 /D _DEBUG /D _CONSOLE /D _UNICODE /D UNICODE /Gm /EHsc /RTC1 /MDd /GS /fp:precise /Zc:wchar_t /Zc:forScope /Fo"Debug\\" /Fd"Debug\vc100.pdb" /Gd /TP /analyze- /errorReport:prompt simulation.cpp
         simulation.cpp
       ManifestResourceCompile:
         All outputs are up-to-date.
       Link:
         C:\Program Files\Microsoft Visual Studio 10.0\VC\bin\link.exe /ERRORREPORT:PROMPT /OUT:"D:\zrx\CrossSim\Debug\CrossSim.exe" /INCREMENTAL /NOLOGO kernel32.lib user32.lib gdi32.lib winspool.lib comdlg32.lib advapi32.lib shell32.lib ole32.lib oleaut32.lib uuid.lib odbc32.lib odbccp32.lib /MANIFEST /ManifestFile:"Debug\CrossSim.exe.intermediate.manifest" /MANIFESTUAC:"level='asInvoker' uiAccess='false'" /DEBUG /PDB:"D:\zrx\CrossSim\Debug\CrossSim.pdb" /SUBSYSTEM:CONSOLE /TLBID:1 /DYNAMICBASE /NXCOMPAT /IMPLIB:"D:\zrx\CrossSim\Debug\CrossSim.lib" /MACHINE:X86 Debug\CrossSim.exe.embed.manifest.res
         Debug\car.obj
         Debug\cross.obj
         Debug\halfcross.obj
         Debug\intersection.obj
         Debug\map.obj
         Debug\road.obj
         Debug\signal_light.obj
         Debug\simulation.obj
         Debug\test.obj
       Manifest:
         C:\Program Files\Microsoft SDKs\Windows\v7.0A\bin\mt.exe /nologo /verbose /out:"Debug\CrossSim.exe.embed.manifest" /manifest Debug\CrossSim.exe.intermediate.manifest
         All outputs are up-to-date.
       LinkEmbedManifest:
         All outputs are up-to-date.
         CrossSim.vcxproj -> D:\zrx\CrossSim\Debug\CrossSim.exe
       FinalizeBuildStatus:
         Deleting file "Debug\CrossSim.unsuccessfulbuild".
         Touching "Debug\CrossSim.lastbuildstate".
     1>Done Building Project "D:\zrx\CrossSim\CrossSim\CrossSim.vcxproj" (build target(s)).

Build succeeded.

Time Elapsed 00:00:02.20
